[debug] [2022-11-18T12:14:56.754Z] ----------------------------------------------------------------------
[debug] [2022-11-18T12:14:56.755Z] Command:       /usr/local/bin/node /usr/local/bin/firebase deploy
[debug] [2022-11-18T12:14:56.755Z] CLI Version:   11.1.0
[debug] [2022-11-18T12:14:56.755Z] Platform:      darwin
[debug] [2022-11-18T12:14:56.756Z] Node Version:  v16.14.0
[debug] [2022-11-18T12:14:56.757Z] Time:          Fri Nov 18 2022 17:44:56 GMT+0530 (India Standard Time)
[debug] [2022-11-18T12:14:56.757Z] ----------------------------------------------------------------------
[debug] 
[debug] [2022-11-18T12:14:56.758Z] >>> [apiv2][query] GET https://firebase-public.firebaseio.com/cli.json [none]
[debug] [2022-11-18T12:14:56.792Z] > command requires scopes: ["email","openid","https://www.googleapis.com/auth/cloudplatformprojects.readonly","https://www.googleapis.com/auth/firebase","https://www.googleapis.com/auth/cloud-platform"]
[debug] [2022-11-18T12:14:56.792Z] > authorizing via signed-in user (vrijraj2396@gmail.com)
[debug] [2022-11-18T12:14:56.792Z] [iam] checking project devfestindia2022 for permissions ["firebase.projects.get","firebasehosting.sites.update"]
[debug] [2022-11-18T12:14:56.793Z] > refreshing access token with scopes: []
[debug] [2022-11-18T12:14:56.793Z] >>> [apiv2][query] POST https://www.googleapis.com/oauth2/v3/token [none]
[debug] [2022-11-18T12:14:56.793Z] >>> [apiv2][body] POST https://www.googleapis.com/oauth2/v3/token [omitted]
[debug] [2022-11-18T12:14:57.057Z] <<< [apiv2][status] POST https://www.googleapis.com/oauth2/v3/token 200
[debug] [2022-11-18T12:14:57.057Z] <<< [apiv2][body] POST https://www.googleapis.com/oauth2/v3/token [omitted]
[debug] [2022-11-18T12:14:57.069Z] >>> [apiv2][query] POST https://cloudresourcemanager.googleapis.com/v1/projects/devfestindia2022:testIamPermissions [none]
[debug] [2022-11-18T12:14:57.070Z] >>> [apiv2][body] POST https://cloudresourcemanager.googleapis.com/v1/projects/devfestindia2022:testIamPermissions {"permissions":["firebase.projects.get","firebasehosting.sites.update"]}
[debug] [2022-11-18T12:14:57.385Z] <<< [apiv2][status] GET https://firebase-public.firebaseio.com/cli.json 200
[debug] [2022-11-18T12:14:57.385Z] <<< [apiv2][body] GET https://firebase-public.firebaseio.com/cli.json {"cloudBuildErrorAfter":1594252800000,"cloudBuildWarnAfter":1590019200000,"defaultNode10After":1594252800000,"minVersion":"3.0.5","node8DeploysDisabledAfter":1613390400000,"node8RuntimeDisabledAfter":1615809600000,"node8WarnAfter":1600128000000}
[debug] [2022-11-18T12:14:58.635Z] <<< [apiv2][status] POST https://cloudresourcemanager.googleapis.com/v1/projects/devfestindia2022:testIamPermissions 200
[debug] [2022-11-18T12:14:58.635Z] <<< [apiv2][body] POST https://cloudresourcemanager.googleapis.com/v1/projects/devfestindia2022:testIamPermissions {"permissions":["firebase.projects.get","firebasehosting.sites.update"]}
[debug] [2022-11-18T12:14:58.637Z] >>> [apiv2][query] GET https://firebase.googleapis.com/v1beta1/projects/devfestindia2022 [none]
[debug] [2022-11-18T12:14:59.177Z] <<< [apiv2][status] GET https://firebase.googleapis.com/v1beta1/projects/devfestindia2022 200
[debug] [2022-11-18T12:14:59.177Z] <<< [apiv2][body] GET https://firebase.googleapis.com/v1beta1/projects/devfestindia2022 {"projectId":"devfestindia2022","projectNumber":"899935594002","displayName":"devfestindia2022","name":"projects/devfestindia2022","resources":{"hostingSite":"devfestindia2022"},"state":"ACTIVE","etag":"1_b6254b36-226d-49ec-a66a-70043f775d32"}
[info] 
[info] === Deploying to 'devfestindia2022'...
[info] 
[info] i  deploying hosting 
[debug] [2022-11-18T12:14:59.178Z] >>> [apiv2][query] GET https://firebase.googleapis.com/v1beta1/projects/devfestindia2022 [none]
[debug] [2022-11-18T12:14:59.747Z] <<< [apiv2][status] GET https://firebase.googleapis.com/v1beta1/projects/devfestindia2022 200
[debug] [2022-11-18T12:14:59.747Z] <<< [apiv2][body] GET https://firebase.googleapis.com/v1beta1/projects/devfestindia2022 {"projectId":"devfestindia2022","projectNumber":"899935594002","displayName":"devfestindia2022","name":"projects/devfestindia2022","resources":{"hostingSite":"devfestindia2022"},"state":"ACTIVE","etag":"1_b6254b36-226d-49ec-a66a-70043f775d32"}
[debug] [2022-11-18T12:14:59.749Z] >>> [apiv2][query] POST https://firebasehosting.googleapis.com/v1beta1/projects/899935594002/sites/devfestindia2022/versions [none]
[debug] [2022-11-18T12:14:59.749Z] >>> [apiv2][body] POST https://firebasehosting.googleapis.com/v1beta1/projects/899935594002/sites/devfestindia2022/versions {"config":{"rewrites":[{"glob":"**","path":"/index.html"}]},"labels":{"deployment-tool":"cli-firebase"}}
[debug] [2022-11-18T12:15:01.523Z] <<< [apiv2][status] POST https://firebasehosting.googleapis.com/v1beta1/projects/899935594002/sites/devfestindia2022/versions 200
[debug] [2022-11-18T12:15:01.523Z] <<< [apiv2][body] POST https://firebasehosting.googleapis.com/v1beta1/projects/899935594002/sites/devfestindia2022/versions {"name":"projects/899935594002/sites/devfestindia2022/versions/ea8dc09b534ba793","status":"CREATED","config":{"rewrites":[{"glob":"**","path":"/index.html"}]},"labels":{"deployment-tool":"cli-firebase"}}
[info] i  hosting[devfestindia2022]: beginning deploy... 
[info] i  hosting[devfestindia2022]: found 39 files in dist 
[debug] [2022-11-18T12:15:01.533Z] [hosting] uploading with 200 concurrency
[debug] [2022-11-18T12:15:01.573Z] [hosting] hash cache [ZGlzdA] stored for 39 files
[debug] [2022-11-18T12:15:01.573Z] [hosting][hash queue][FINAL] {"max":34,"min":13,"avg":16.435897435897434,"active":0,"complete":39,"success":39,"errored":0,"retried":0,"total":39,"elapsed":38}
[debug] [2022-11-18T12:15:01.573Z] >>> [apiv2][query] POST https://firebasehosting.googleapis.com/v1beta1/projects/899935594002/sites/devfestindia2022/versions/ea8dc09b534ba793:populateFiles [none]
[debug] [2022-11-18T12:15:01.573Z] >>> [apiv2][body] POST https://firebasehosting.googleapis.com/v1beta1/projects/899935594002/sites/devfestindia2022/versions/ea8dc09b534ba793:populateFiles {"files":{"/manifest.json":"370513a9ec1e0e9f3394071613411dab72ad237ee8a14ea35e79b823ced9ee33","/precache-manifest.4f97dc35e2ad6f6ee0ab46d49e92858d.js":"c138dde433266cd679ed0c31d0e220808a1c1a98f2be23ac293a64375dd028ad","/index.html":"5ecdb5544f755947639efcdc0c6e0465b0f83b9f220052ddb3d558a623c5ba6e","/service-worker.js":"f5483cf20f0d3dbf1bd86b6aa43d91b7b4cd3b8087f9f266fab2bec2ab22055e","/robots.txt":"c17e70846d7031bb27102edfb33b59d1e3e40a8e8e8097af75b7766e7fffc250","/css/app.94dc36ac.css":"d6eb3852fba11a0cfd1cc948930999ed66685a733a715646f0010b39b297669f","/css/about.9e0c856f.css":"b5c47102dbb1180b473b15c32362f4fb302979d15535957b16ba9b0468a9f02e","/css/FAQ.606a46d3.css":"db742347739220ee26e5bcf7a60acd0f6807124725cd4fbdb34f6ddf24f02b97","/css/cfp.7e8e4901.css":"a6c1fe7fed3ecc80f4b74610df54d50c0c6e26607769c8081653a2e6fb7e809f","/img/icons/android-chrome-192x192.png":"e8f188961be7019876dbc3ccafc30d70bdf32633b5b47c1daf5997b0937f9382","/img/icons/apple-touch-icon-120x120.png":"178f16735a38d8643dbe3cfc7689cbab2c863694dfd61ae273488fd54fba3abb","/img/icons/apple-touch-icon-152x152.png":"af64347bee93dda69b739446d96b90d50279e125393a74eb9a4d9d21440ea480","/img/icons/apple-touch-icon-60x60.png":"da7b646d13560320ac1177238dc180064e936b788b84a73b7fedd001751cffb2","/img/icons/apple-touch-icon-180x180.png":"f6dabbec5f05cbca76296c7bba19dcb2fa18d21725e3f447c54952e72454bece","/img/icons/apple-touch-icon-76x76.png":"3629a774b8db16aab3063ba0191b5c42eb58ee855d9136f13aaa43929e8f9df4","/img/icons/favicon-16x16.png":"d81e1ac934740b266cfe73fed4f11cbf379bb1f88ef44b16e7a829e91f0eed35","/img/icons/manifest.json":"f3c594f07d3cc89ff0f9a8e516a2e9218bec83f775d8580820e5a01d37457655","/img/icons/favicon-32x32.png":"19a8cc547b41851c697bf327451f58acc062c896c1d1ec0e8ce98f3611a13d57","/img/icons/apple-touch-icon.png":"f6dabbec5f05cbca76296c7bba19dcb2fa18d21725e3f447c54952e72454bece","/img/icons/msapplication-icon-144x144.png":"91327308cd478aecbb45420739d2f1f808e8da7afadb88b1d9a66555c41f046b","/img/icons/mstile-150x150.png":"76b9c5d42b09838eefbba7d136f2476652555dc212ba84d16f7d66f306f0549e","/js/FAQ.b3c73547.js":"2313d93a8c226284e1f56b491d3ee1aa847963440af3fdaae6d5053ec77257cb","/js/DevFestCommunityPage.6bef59e6.js":"124da0d4ef8be76d208e078284a9900ba05883a65d0d43c300c615dec8e8024d","/js/app.955559d4.js":"4dbff318426fc949fbafa89a3520858d4ebcfc6ee23523e403d9c88f35d8e3af","/js/about.8e9fa8bc.js":"1306ae0da12277f16032c2a848017e7806fa774445f71c695b2916c00ee02945","/js/coc.096f747a.js":"0045f76edfedf8c328b95d94b10d9ea68ec01e985d64bf10923b9221c45f337d","/js/about~cfp.510f06fc.js":"9250888768e0bce68483d57871bac47d4e96d787e8331d760b224ccecc49bd1e","/js/communities.db364816.js":"82578f3fe1d952273e7a43c66f998bb09bcbb59f487ce2a2c94b2506383f6f8b","/favicon.ico":"0d9f44993ce1ec88050f9b923b313c43978f4b087901bafca96c4434c30f7919","/fonts/google-font.923a543c.woff2":"be5236fb4aeaba602a21554544571cf5763017120a5b3f16a471298d110aa381","/img/DF22.b3b9f120.png":"ae7cd0aaf10fc3b2cb71b27e03e9c570a93f59d32e46c58968ef843ce7c164a4","/img/icons/android-chrome-512x512.png":"e897d1950dc460924fdeccf1f279645a39c19bace31091ba61e7f6e66275b5ba","/img/icons/favicon.ico":"0d9f44993ce1ec88050f9b923b313c43978f4b087901bafca96c4434c30f7919","/js/cfp.91584e6e.js":"038841b5e419a811d18759fb9d8074cc2ff4218ef23e696127c4f962e6d1d849","/img/DF22-Banner.b6f80a20.jpg":"e9b89e0cced8e07bd29ce31d24105ce5c7d12981ef0babe19e34ea81f27b9ccb","/img/cardcover.cbdfa3a5.png":"793f35b111d0f3823331b493119077553c443ddb879c2534d0053d58c94b3493","/css/chunk-vendors.ce1b88bb.css":"50c8cfad6ed2be56f213c4c4b3e47a5dc001c90d30876efeb915c51b7c311f1f","/js/chunk-vendors.651643b0.js":"e4084d7bdef5ac7c6ec086f3bf6ab4f4527769c186cd8bd10a4f70819215379a","/img/badge.79f815a3.png":"02fcea75d1dd4fc7d431a28660214d4c268795c7f25925348047ac552a181c3d"}}
[debug] [2022-11-18T12:15:03.207Z] <<< [apiv2][status] POST https://firebasehosting.googleapis.com/v1beta1/projects/899935594002/sites/devfestindia2022/versions/ea8dc09b534ba793:populateFiles 200
[debug] [2022-11-18T12:15:03.208Z] <<< [apiv2][body] POST https://firebasehosting.googleapis.com/v1beta1/projects/899935594002/sites/devfestindia2022/versions/ea8dc09b534ba793:populateFiles {"uploadRequiredHashes":["124da0d4ef8be76d208e078284a9900ba05883a65d0d43c300c615dec8e8024d","f5483cf20f0d3dbf1bd86b6aa43d91b7b4cd3b8087f9f266fab2bec2ab22055e","5ecdb5544f755947639efcdc0c6e0465b0f83b9f220052ddb3d558a623c5ba6e","9250888768e0bce68483d57871bac47d4e96d787e8331d760b224ccecc49bd1e","c138dde433266cd679ed0c31d0e220808a1c1a98f2be23ac293a64375dd028ad","4dbff318426fc949fbafa89a3520858d4ebcfc6ee23523e403d9c88f35d8e3af"],"uploadUrl":"https://upload-firebasehosting.googleapis.com/upload/sites/devfestindia2022/versions/ea8dc09b534ba793/files"}
[debug] [2022-11-18T12:15:03.209Z] >>> [apiv2][query] POST https://upload-firebasehosting.googleapis.com/upload/sites/devfestindia2022/versions/ea8dc09b534ba793/files/124da0d4ef8be76d208e078284a9900ba05883a65d0d43c300c615dec8e8024d [none]
[debug] [2022-11-18T12:15:03.209Z] >>> [apiv2][body] POST https://upload-firebasehosting.googleapis.com/upload/sites/devfestindia2022/versions/ea8dc09b534ba793/files/124da0d4ef8be76d208e078284a9900ba05883a65d0d43c300c615dec8e8024d [stream]
[debug] [2022-11-18T12:15:03.211Z] >>> [apiv2][query] POST https://upload-firebasehosting.googleapis.com/upload/sites/devfestindia2022/versions/ea8dc09b534ba793/files/f5483cf20f0d3dbf1bd86b6aa43d91b7b4cd3b8087f9f266fab2bec2ab22055e [none]
[debug] [2022-11-18T12:15:03.211Z] >>> [apiv2][body] POST https://upload-firebasehosting.googleapis.com/upload/sites/devfestindia2022/versions/ea8dc09b534ba793/files/f5483cf20f0d3dbf1bd86b6aa43d91b7b4cd3b8087f9f266fab2bec2ab22055e [stream]
[debug] [2022-11-18T12:15:03.213Z] >>> [apiv2][query] POST https://upload-firebasehosting.googleapis.com/upload/sites/devfestindia2022/versions/ea8dc09b534ba793/files/5ecdb5544f755947639efcdc0c6e0465b0f83b9f220052ddb3d558a623c5ba6e [none]
[debug] [2022-11-18T12:15:03.213Z] >>> [apiv2][body] POST https://upload-firebasehosting.googleapis.com/upload/sites/devfestindia2022/versions/ea8dc09b534ba793/files/5ecdb5544f755947639efcdc0c6e0465b0f83b9f220052ddb3d558a623c5ba6e [stream]
[debug] [2022-11-18T12:15:03.214Z] >>> [apiv2][query] POST https://upload-firebasehosting.googleapis.com/upload/sites/devfestindia2022/versions/ea8dc09b534ba793/files/9250888768e0bce68483d57871bac47d4e96d787e8331d760b224ccecc49bd1e [none]
[debug] [2022-11-18T12:15:03.214Z] >>> [apiv2][body] POST https://upload-firebasehosting.googleapis.com/upload/sites/devfestindia2022/versions/ea8dc09b534ba793/files/9250888768e0bce68483d57871bac47d4e96d787e8331d760b224ccecc49bd1e [stream]
[debug] [2022-11-18T12:15:03.215Z] >>> [apiv2][query] POST https://upload-firebasehosting.googleapis.com/upload/sites/devfestindia2022/versions/ea8dc09b534ba793/files/c138dde433266cd679ed0c31d0e220808a1c1a98f2be23ac293a64375dd028ad [none]
[debug] [2022-11-18T12:15:03.215Z] >>> [apiv2][body] POST https://upload-firebasehosting.googleapis.com/upload/sites/devfestindia2022/versions/ea8dc09b534ba793/files/c138dde433266cd679ed0c31d0e220808a1c1a98f2be23ac293a64375dd028ad [stream]
[debug] [2022-11-18T12:15:03.216Z] >>> [apiv2][query] POST https://upload-firebasehosting.googleapis.com/upload/sites/devfestindia2022/versions/ea8dc09b534ba793/files/4dbff318426fc949fbafa89a3520858d4ebcfc6ee23523e403d9c88f35d8e3af [none]
[debug] [2022-11-18T12:15:03.216Z] >>> [apiv2][body] POST https://upload-firebasehosting.googleapis.com/upload/sites/devfestindia2022/versions/ea8dc09b534ba793/files/4dbff318426fc949fbafa89a3520858d4ebcfc6ee23523e403d9c88f35d8e3af [stream]
[debug] [2022-11-18T12:15:03.217Z] [hosting][populate queue][FINAL] {"max":1637,"min":1637,"avg":1637,"active":0,"complete":1,"success":1,"errored":0,"retried":0,"total":1,"elapsed":1645}
[debug] [2022-11-18T12:15:03.218Z] [hosting] uploads queued: 6
